<?xml version="1.0" encoding="UTF-8"?>
<testsuite xmlns:xsi="http://www.w3.org/2001/XMLSchema-instance" xsi:noNamespaceSchemaLocation="https://maven.apache.org/surefire/maven-failsafe-plugin/xsd/failsafe-test-report.xsd" name="tests.SmokeTest" time="63.329" tests="8" errors="2" skipped="0" failures="0">
  <properties>
[...]
</properties>
  <testcase name="testRadioButton" classname="tests.SmokeTest" time="14.27"/>
  <testcase name="etsyTest" classname="tests.SmokeTest" time="6.429"/>
  <testcase name="testDragging" classname="tests.SmokeTest" time="3.232"/>
  <testcase name="testMoveToElement" classname="tests.SmokeTest" time="4.548"/>
  <testcase name="testHoveringOverTheElement" classname="tests.SmokeTest" time="6.809"/>
  <testcase name="testAmazon" classname="tests.SmokeTest" time="15.167">
    <error message="Expected condition failed: waiting for text (&apos;apple&apos;) to be the value of element [[ChromeDriver: chrome on MAC (45792538180eeb9576bf6ea3546bb6ed)] -&gt; xpath: //input[@id=&apos;twotabsearchtextbox&apos;]] (tried for 4 second(s) with 500 milliseconds interval)&#10;Build info: version: &apos;3.141.59&apos;, revision: &apos;e82be7d358&apos;, time: &apos;2018-11-14T08:17:03&apos;&#10;System info: host: &apos;Alihans-iMac.local&apos;, ip: &apos;10.0.0.57&apos;, os.name: &apos;Mac OS X&apos;, os.arch: &apos;x86_64&apos;, os.version: &apos;10.14.5&apos;, java.version: &apos;1.8.0_221&apos;&#10;Driver info: org.openqa.selenium.chrome.ChromeDriver&#10;Capabilities {acceptInsecureCerts: false, browserName: chrome, browserVersion: 80.0.3987.106, chrome: {chromedriverVersion: 80.0.3987.16 (320f6526c1632..., userDataDir: /var/folders/1y/3mjqpsln4hs...}, goog:chromeOptions: {debuggerAddress: localhost:50318}, javascriptEnabled: true, networkConnectionEnabled: false, pageLoadStrategy: normal, platform: MAC, platformName: MAC, proxy: Proxy(), setWindowRect: true, strictFileInteractability: false, timeouts: {implicit: 0, pageLoad: 300000, script: 30000}, unhandledPromptBehavior: dismiss and notify}&#10;Session ID: 45792538180eeb9576bf6ea3546bb6ed" type="org.openqa.selenium.TimeoutException">org.openqa.selenium.TimeoutException: 
Expected condition failed: waiting for text ('apple') to be the value of element [[ChromeDriver: chrome on MAC (45792538180eeb9576bf6ea3546bb6ed)] -> xpath: //input[@id='twotabsearchtextbox']] (tried for 4 second(s) with 500 milliseconds interval)
Build info: version: '3.141.59', revision: 'e82be7d358', time: '2018-11-14T08:17:03'
System info: host: 'Alihans-iMac.local', ip: '10.0.0.57', os.name: 'Mac OS X', os.arch: 'x86_64', os.version: '10.14.5', java.version: '1.8.0_221'
Driver info: org.openqa.selenium.chrome.ChromeDriver
Capabilities {acceptInsecureCerts: false, browserName: chrome, browserVersion: 80.0.3987.106, chrome: {chromedriverVersion: 80.0.3987.16 (320f6526c1632..., userDataDir: /var/folders/1y/3mjqpsln4hs...}, goog:chromeOptions: {debuggerAddress: localhost:50318}, javascriptEnabled: true, networkConnectionEnabled: false, pageLoadStrategy: normal, platform: MAC, platformName: MAC, proxy: Proxy(), setWindowRect: true, strictFileInteractability: false, timeouts: {implicit: 0, pageLoad: 300000, script: 30000}, unhandledPromptBehavior: dismiss and notify}
Session ID: 45792538180eeb9576bf6ea3546bb6ed
	at tests.SmokeTest.testAmazon(SmokeTest.java:38)
</error>
    <system-err><![CDATA[Starting ChromeDriver 80.0.3987.16 (320f6526c1632ad4f205ebce69b99a062ed78647-refs/branch-heads/3987@{#185}) on port 18044
Only local connections are allowed.
Please protect ports used by ChromeDriver and related test frameworks to prevent access by malicious code.
Feb 13, 2020 10:49:46 PM org.openqa.selenium.remote.ProtocolHandshake createSession
INFO: Detected dialect: W3C
[1581655786.913][SEVERE]: Timed out receiving message from renderer: 0.100
[1581655787.016][SEVERE]: Timed out receiving message from renderer: 0.100
[1581655787.324][SEVERE]: Timed out receiving message from renderer: 0.100
[1581655787.546][SEVERE]: Timed out receiving message from renderer: 0.100
[1581655788.276][SEVERE]: Timed out receiving message from renderer: 0.100
[1581655788.377][SEVERE]: Timed out receiving message from renderer: 0.100
[1581655788.479][SEVERE]: Timed out receiving message from renderer: 0.100
[1581655788.581][SEVERE]: Timed out receiving message from renderer: 0.100
[1581655789.925][SEVERE]: Timed out receiving message from renderer: 0.100
[1581655791.640][SEVERE]: Timed out receiving message from renderer: 0.100
[1581655791.741][SEVERE]: Timed out receiving message from renderer: 0.100
[1581655791.842][SEVERE]: Timed out receiving message from renderer: 0.100
[1581655791.943][SEVERE]: Timed out receiving message from renderer: 0.100
[1581655792.131][SEVERE]: Timed out receiving message from renderer: 0.100
[1581655792.232][SEVERE]: Timed out receiving message from renderer: 0.100
]]></system-err>
  </testcase>
  <testcase name="testKyrgyzstan" classname="tests.SmokeTest" time="9.146">
    <error message="stale element reference: element is not attached to the page document&#10;  (Session info: chrome=80.0.3987.106)&#10;For documentation on this error, please visit: https://www.seleniumhq.org/exceptions/stale_element_reference.html&#10;Build info: version: &apos;3.141.59&apos;, revision: &apos;e82be7d358&apos;, time: &apos;2018-11-14T08:17:03&apos;&#10;System info: host: &apos;Alihans-iMac.local&apos;, ip: &apos;10.0.0.57&apos;, os.name: &apos;Mac OS X&apos;, os.arch: &apos;x86_64&apos;, os.version: &apos;10.14.5&apos;, java.version: &apos;1.8.0_221&apos;&#10;Driver info: org.openqa.selenium.chrome.ChromeDriver&#10;Capabilities {acceptInsecureCerts: false, browserName: chrome, browserVersion: 80.0.3987.106, chrome: {chromedriverVersion: 80.0.3987.16 (320f6526c1632..., userDataDir: /var/folders/1y/3mjqpsln4hs...}, goog:chromeOptions: {debuggerAddress: localhost:50417}, javascriptEnabled: true, networkConnectionEnabled: false, pageLoadStrategy: normal, platform: MAC, platformName: MAC, proxy: Proxy(), setWindowRect: true, strictFileInteractability: false, timeouts: {implicit: 0, pageLoad: 300000, script: 30000}, unhandledPromptBehavior: dismiss and notify}&#10;Session ID: 035e91806135710a8be91e476b65d722" type="org.openqa.selenium.StaleElementReferenceException">org.openqa.selenium.StaleElementReferenceException: 
stale element reference: element is not attached to the page document
  (Session info: chrome=80.0.3987.106)
For documentation on this error, please visit: https://www.seleniumhq.org/exceptions/stale_element_reference.html
Build info: version: '3.141.59', revision: 'e82be7d358', time: '2018-11-14T08:17:03'
System info: host: 'Alihans-iMac.local', ip: '10.0.0.57', os.name: 'Mac OS X', os.arch: 'x86_64', os.version: '10.14.5', java.version: '1.8.0_221'
Driver info: org.openqa.selenium.chrome.ChromeDriver
Capabilities {acceptInsecureCerts: false, browserName: chrome, browserVersion: 80.0.3987.106, chrome: {chromedriverVersion: 80.0.3987.16 (320f6526c1632..., userDataDir: /var/folders/1y/3mjqpsln4hs...}, goog:chromeOptions: {debuggerAddress: localhost:50417}, javascriptEnabled: true, networkConnectionEnabled: false, pageLoadStrategy: normal, platform: MAC, platformName: MAC, proxy: Proxy(), setWindowRect: true, strictFileInteractability: false, timeouts: {implicit: 0, pageLoad: 300000, script: 30000}, unhandledPromptBehavior: dismiss and notify}
Session ID: 035e91806135710a8be91e476b65d722
	at tests.SmokeTest.testKyrgyzstan(SmokeTest.java:71)
</error>
    <system-err><![CDATA[Starting ChromeDriver 80.0.3987.16 (320f6526c1632ad4f205ebce69b99a062ed78647-refs/branch-heads/3987@{#185}) on port 23375
Only local connections are allowed.
Please protect ports used by ChromeDriver and related test frameworks to prevent access by malicious code.
Feb 13, 2020 10:50:02 PM org.openqa.selenium.remote.ProtocolHandshake createSession
INFO: Detected dialect: W3C
[1581655803.474][SEVERE]: Timed out receiving message from renderer: 0.100
[1581655803.729][SEVERE]: Timed out receiving message from renderer: 0.100
[1581655803.918][SEVERE]: Timed out receiving message from renderer: 0.100
[1581655804.238][SEVERE]: Timed out receiving message from renderer: 0.100
[1581655804.340][SEVERE]: Timed out receiving message from renderer: 0.100
[1581655804.440][SEVERE]: Timed out receiving message from renderer: 0.100
[1581655804.541][SEVERE]: Timed out receiving message from renderer: 0.100
[1581655804.642][SEVERE]: Timed out receiving message from renderer: 0.100
[1581655807.197][SEVERE]: Timed out receiving message from renderer: 0.100
[1581655807.298][SEVERE]: Timed out receiving message from renderer: 0.100
[1581655807.399][SEVERE]: Timed out receiving message from renderer: 0.100
[1581655807.501][SEVERE]: Timed out receiving message from renderer: 0.100
[1581655807.958][SEVERE]: Timed out receiving message from renderer: 0.100
[1581655809.443][SEVERE]: Timed out receiving message from renderer: 0.100
]]></system-err>
  </testcase>
  <testcase name="testSlider" classname="tests.SmokeTest" time="3.676"/>
</testsuite>