<?xml version="1.0" encoding="UTF-8"?>
<testsuite xmlns:xsi="http://www.w3.org/2001/XMLSchema-instance" xsi:noNamespaceSchemaLocation="https://maven.apache.org/surefire/maven-failsafe-plugin/xsd/failsafe-test-report.xsd" name="SmokeTestsRunner" time="6.598" tests="6" errors="0" skipped="0" failures="0">
  <properties>
[...]
</properties>
  <testcase name="Given base url &quot;https://gorest.co.in&quot;" classname="Scenario: Gorest Create Users" time="0"/>
  <testcase name="And set the headers" classname="Scenario: Gorest Create Users" time="0"/>
  <testcase name="When the following users are created" classname="Scenario: Gorest Create Users" time="0"/>
  <testcase name="Then verify that status code is &quot;201&quot;" classname="Scenario: Gorest Create Users" time="0"/>
  <testcase name="And the following user should be created" classname="Scenario: Gorest Create Users" time="0"/>
  <testcase name="Scenario: Gorest Create Users" classname="Scenario: Gorest Create Users" time="0"/>
</testsuite>